GROUP,PACKAGE,CLASS,INSTRUCTION_MISSED,INSTRUCTION_COVERED,BRANCH_MISSED,BRANCH_COVERED,LINE_MISSED,LINE_COVERED,COMPLEXITY_MISSED,COMPLEXITY_COVERED,METHOD_MISSED,METHOD_COVERED
Lab03-JavaV2,org.example,Main,127,0,0,0,27,0,3,0,3,0
Lab03-JavaV2,org.example,ShapeDescriber,3,33,0,0,1,8,1,2,1,2
Lab03-JavaV2,org.example,Rectangle,0,28,0,0,0,6,0,3,0,3
Lab03-JavaV2,org.example,Triangle,0,53,0,0,0,8,0,3,0,3
Lab03-JavaV2,org.example,Shape2,0,48,0,0,0,8,0,3,0,3
Lab03-JavaV2,org.example,Color,0,47,5,11,0,6,5,5,0,2
